<?xml version="1.0" encoding="UTF-8"?><testsuite errors="0" failures="0" name="com.restful.booker.restfultestsuite.testsuite.RestfulBookerWithTags" skipped="0" tests="3" time="14.61" timestamp="2023-01-10T21:34:01.424Z[Europe/London]"><testcase classname="com.restful.booker.restfultestsuite.testsuite.RestfulBookerWithTags" name="This test will return a correct response code 200 when GET request is used to get booking ids"/><testcase classname="com.restful.booker.restfultestsuite.testsuite.RestfulBookerWithTags" name="This method will get error code 404 when a method is use without providing resource"/><testcase classname="com.restful.booker.restfultestsuite.testsuite.RestfulBookerWithTags" name="This test will provide an error code 403 when user doesn't provide authentication"/></testsuite>