<?xml version="1.0" encoding="UTF-8"?><testsuite errors="0" failures="0" name="com.restful.booker.restfultestsuite.restfulcurdtest.RestfulCURDTest" skipped="0" tests="5" time="22.93" timestamp="2023-01-10T21:34:01.589Z[Europe/London]"><testcase classname="com.restful.booker.restfultestsuite.restfulcurdtest.RestfulCURDTest" name="This method will create a Token"/><testcase classname="com.restful.booker.restfultestsuite.restfulcurdtest.RestfulCURDTest" name="This method will create and verify a booking"/><testcase classname="com.restful.booker.restfultestsuite.restfulcurdtest.RestfulCURDTest" name="This method will get booking with Id"/><testcase classname="com.restful.booker.restfultestsuite.restfulcurdtest.RestfulCURDTest" name="This method will updated a booking with ID"/><testcase classname="com.restful.booker.restfultestsuite.restfulcurdtest.RestfulCURDTest" name="This method will delete a booking with ID"/></testsuite>